Using pre-set license
Built from '2020.3/staging' branch; Version is '2020.3.16f1 (049d6eca3c44) revision 302446'; Using compiler version '192528614'; Build Type 'Release'
OS: 'Windows 10 Pro; OS build 19042.1348; Version 2009; 64bit' Language: 'fi' Physical Memory: 3979 MB
BatchMode: 1, IsHumanControllingUs: 0, StartBugReporterOnCrash: 0, Is64bit: 1, IsPro: 0

 COMMAND LINE ARGUMENTS:
C:\Program Files\Unity\Hub\Editor\2020.3.16f1\Editor\Unity.exe
-adb2
-batchMode
-noUpm
-name
AssetImportWorker0
-projectPath
C:/Users/oma/maumaucat2d
-logFile
Logs/AssetImportWorker0.log
-srvPort
50642
Successfully changed project path to: C:/Users/oma/maumaucat2d
C:/Users/oma/maumaucat2d
Using Asset Import Pipeline V2.
Refreshing native plugins compatible for Editor in 71.65 ms, found 3 plugins.
Preloading 0 native plugins for Editor in 0.00 ms.
Initialize engine version: 2020.3.16f1 (049d6eca3c44)
[Subsystems] Discovering subsystems at path C:/Program Files/Unity/Hub/Editor/2020.3.16f1/Editor/Data/Resources/UnitySubsystems
[Subsystems] Discovering subsystems at path C:/Users/oma/maumaucat2d/Assets
GfxDevice: creating device client; threaded=0
Direct3D:
    Version:  Direct3D 11.0 [level 10.1]
    Renderer: Intel(R) HD Graphics 3000 (ID=0x126)
    Vendor:   
    VRAM:     128 MB
    Driver:   9.17.10.4459
Initialize mono
Mono path[0] = 'C:/Program Files/Unity/Hub/Editor/2020.3.16f1/Editor/Data/Managed'
Mono path[1] = 'C:/Program Files/Unity/Hub/Editor/2020.3.16f1/Editor/Data/MonoBleedingEdge/lib/mono/unityjit'
Mono config path = 'C:/Program Files/Unity/Hub/Editor/2020.3.16f1/Editor/Data/MonoBleedingEdge/etc'
Using monoOptions --debugger-agent=transport=dt_socket,embedding=1,server=y,suspend=n,address=127.0.0.1:56096
Begin MonoManager ReloadAssembly
Registering precompiled unity dll's ...
Register platform support module: C:/Program Files/Unity/Hub/Editor/2020.3.16f1/Editor/Data/PlaybackEngines/WebGLSupport/UnityEditor.WebGL.Extensions.dll
Register platform support module: C:/Program Files/Unity/Hub/Editor/2020.3.16f1/Editor/Data/PlaybackEngines/WindowsStandaloneSupport/UnityEditor.WindowsStandalone.Extensions.dll
Registered in 0.003759 seconds.
Native extension for WindowsStandalone target not found
Native extension for WebGL target not found
Refreshing native plugins compatible for Editor in 67.48 ms, found 3 plugins.
Preloading 0 native plugins for Editor in 0.00 ms.
Mono: successfully reloaded assembly
- Completed reload, in  1.878 seconds
Domain Reload Profiling:
	ReloadAssembly (1878ms)
		BeginReloadAssembly (88ms)
			ExecutionOrderSort (0ms)
			DisableScriptedObjects (0ms)
			BackupInstance (0ms)
			ReleaseScriptingObjects (0ms)
			CreateAndSetChildDomain (1ms)
		EndReloadAssembly (679ms)
			LoadAssemblies (85ms)
			RebuildTransferFunctionScriptingTraits (0ms)
			SetupTypeCache (238ms)
			ReleaseScriptCaches (0ms)
			RebuildScriptCaches (48ms)
			SetupLoadedEditorAssemblies (284ms)
				LogAssemblyErrors (0ms)
				InitializePlatformSupportModulesInManaged (7ms)
				SetLoadedEditorAssemblies (0ms)
				RefreshPlugins (68ms)
				BeforeProcessingInitializeOnLoad (20ms)
				ProcessInitializeOnLoadAttributes (136ms)
				ProcessInitializeOnLoadMethodAttributes (53ms)
				AfterProcessingInitializeOnLoad (0ms)
				EditorAssembliesLoaded (0ms)
			ExecutionOrderSort2 (0ms)
			AwakeInstancesAfterBackupRestoration (0ms)
Platform modules already initialized, skipping
Registering precompiled user dll's ...
Registered in 0.007020 seconds.
Begin MonoManager ReloadAssembly
Native extension for WindowsStandalone target not found
Native extension for WebGL target not found
Refreshing native plugins compatible for Editor in 67.41 ms, found 3 plugins.
Preloading 0 native plugins for Editor in 0.00 ms.
Mono: successfully reloaded assembly
- Completed reload, in  1.837 seconds
Domain Reload Profiling:
	ReloadAssembly (1839ms)
		BeginReloadAssembly (217ms)
			ExecutionOrderSort (0ms)
			DisableScriptedObjects (7ms)
			BackupInstance (0ms)
			ReleaseScriptingObjects (0ms)
			CreateAndSetChildDomain (26ms)
		EndReloadAssembly (1525ms)
			LoadAssemblies (143ms)
			RebuildTransferFunctionScriptingTraits (0ms)
			SetupTypeCache (450ms)
			ReleaseScriptCaches (1ms)
			RebuildScriptCaches (77ms)
			SetupLoadedEditorAssemblies (653ms)
				LogAssemblyErrors (0ms)
				InitializePlatformSupportModulesInManaged (7ms)
				SetLoadedEditorAssemblies (0ms)
				RefreshPlugins (68ms)
				BeforeProcessingInitializeOnLoad (120ms)
				ProcessInitializeOnLoadAttributes (428ms)
				ProcessInitializeOnLoadMethodAttributes (20ms)
				AfterProcessingInitializeOnLoad (10ms)
				EditorAssembliesLoaded (0ms)
			ExecutionOrderSort2 (0ms)
			AwakeInstancesAfterBackupRestoration (10ms)
Platform modules already initialized, skipping
========================================================================
Worker process is ready to serve import requests
Launched and connected shader compiler UnityShaderCompiler.exe after 0.12 seconds
Refreshing native plugins compatible for Editor in 0.71 ms, found 3 plugins.
Preloading 0 native plugins for Editor in 0.00 ms.
Unloading 2091 Unused Serialized files (Serialized files now loaded: 0)
System memory in use before: 93.1 MB.
System memory in use after: 93.1 MB.

Unloading 28 unused Assets to reduce memory usage. Loaded Objects now: 2528.
Total: 5.071700 ms (FindLiveObjects: 0.232900 ms CreateObjectMapping: 0.096500 ms MarkObjects: 4.636100 ms  DeleteObjects: 0.104200 ms)

AssetImportParameters requested are different than current active one (requested -> active):
  custom:framework-win-MediaFoundation: 216162199b28c13a410421893ffa2e32 -> 
  custom:video-decoder-ogg-theora: a1e56fd34408186e4bbccfd4996cb3dc -> 
  custom:container-muxer-webm: aa71ff27fc2769a1b78a27578f13a17b -> 
  custom:container-demuxer-webm: 4f35f7cbe854078d1ac9338744f61a02 -> 
  custom:container-demuxer-ogg: 62fdf1f143b41e24485cea50d1cbac27 -> 
  custom:video-encoder-webm-vp8: eb34c28f22e8b96e1ab97ce403110664 -> 
  custom:video-decoder-webm-vp8: 9c59270c3fd7afecdb556c50c9e8de78 -> 
  custom:audio-decoder-ogg-vorbis: bf7c407c2cedff20999df2af8eb42d56 -> 
  custom:audio-encoder-webm-vorbis: bf7c407c2cedff20999df2af8eb42d56 -> 
========================================================================
Received Import Request.
  path: Assets/graphics/TilePalette/ForestPalette.prefab
  artifactKey: Guid(30ce9eb4f92847742b2e706da9e80c9e) Importer(815301076,1909f56bfc062723c751e8b465ee728b)
Start importing Assets/graphics/TilePalette/ForestPalette.prefab using Guid(30ce9eb4f92847742b2e706da9e80c9e) Importer(815301076,1909f56bfc062723c751e8b465ee728b)  -> (artifact id: '67f14417692aecd614994fc02f86ae9a') in 0.296095 seconds 
  Import took 0.309609 seconds .

========================================================================
Received Import Request.
  Time since last request: 19.454036 seconds.
  path: Assets/graphics/TileSheets/Objects_0.asset
  artifactKey: Guid(3db759c11d5815e4b8f6df315ee9b6d0) Importer(815301076,1909f56bfc062723c751e8b465ee728b)
Start importing Assets/graphics/TileSheets/Objects_0.asset using Guid(3db759c11d5815e4b8f6df315ee9b6d0) Importer(815301076,1909f56bfc062723c751e8b465ee728b)  -> (artifact id: '261768b515a8bec4678693f7c27a9f5f') in 0.079103 seconds 
  Import took 0.087122 seconds .

========================================================================
Received Import Request.
  Time since last request: 0.000287 seconds.
  path: Assets/graphics/TileSheets/Objects_10.asset
  artifactKey: Guid(623d53af3862b52488ce8d23fc2afa86) Importer(815301076,1909f56bfc062723c751e8b465ee728b)
Start importing Assets/graphics/TileSheets/Objects_10.asset using Guid(623d53af3862b52488ce8d23fc2afa86) Importer(815301076,1909f56bfc062723c751e8b465ee728b)  -> (artifact id: 'f3c1738109869062ae1020c5610de6dd') in 0.044415 seconds 
  Import took 0.053639 seconds .

========================================================================
Received Import Request.
  Time since last request: 0.000309 seconds.
  path: Assets/graphics/TileSheets/Objects_11.asset
  artifactKey: Guid(543e303fe344f6e42bb2c1956ea888f7) Importer(815301076,1909f56bfc062723c751e8b465ee728b)
Start importing Assets/graphics/TileSheets/Objects_11.asset using Guid(543e303fe344f6e42bb2c1956ea888f7) Importer(815301076,1909f56bfc062723c751e8b465ee728b)  -> (artifact id: '65a9b86f5efd2e2e457d45aba2ec14fa') in 0.050247 seconds 
  Import took 0.060645 seconds .

========================================================================
Received Import Request.
  Time since last request: 0.000921 seconds.
  path: Assets/graphics/TileSheets/Objects_24.asset
  artifactKey: Guid(fe4d6466030db6442a143dfed641cf81) Importer(815301076,1909f56bfc062723c751e8b465ee728b)
Start importing Assets/graphics/TileSheets/Objects_24.asset using Guid(fe4d6466030db6442a143dfed641cf81) Importer(815301076,1909f56bfc062723c751e8b465ee728b)  -> (artifact id: '1b4d8dfaffac4fddd3e7bf7601b83404') in 0.051897 seconds 
  Import took 0.061216 seconds .

========================================================================
Received Import Request.
  Time since last request: 0.000285 seconds.
  path: Assets/graphics/TileSheets/Objects_12.asset
  artifactKey: Guid(4a01c081caff7a44caffbce932f97f67) Importer(815301076,1909f56bfc062723c751e8b465ee728b)
Start importing Assets/graphics/TileSheets/Objects_12.asset using Guid(4a01c081caff7a44caffbce932f97f67) Importer(815301076,1909f56bfc062723c751e8b465ee728b)  -> (artifact id: 'af239ae256ae78109bb1cd5bd14765b1') in 0.054931 seconds 
  Import took 0.063638 seconds .

========================================================================
Received Import Request.
  Time since last request: 0.000369 seconds.
  path: Assets/graphics/TileSheets/Objects_15.asset
  artifactKey: Guid(aff0e77686c4d534e8706f09d77a4e72) Importer(815301076,1909f56bfc062723c751e8b465ee728b)
Start importing Assets/graphics/TileSheets/Objects_15.asset using Guid(aff0e77686c4d534e8706f09d77a4e72) Importer(815301076,1909f56bfc062723c751e8b465ee728b)  -> (artifact id: 'a22ddb3f57ec9dff4ab5e0a4827e017d') in 0.051427 seconds 
  Import took 0.058698 seconds .

========================================================================
Received Import Request.
  Time since last request: 0.000325 seconds.
  path: Assets/graphics/TileSheets/Objects_29.asset
  artifactKey: Guid(62916d7d15ba7494bb7fb190549e53cd) Importer(815301076,1909f56bfc062723c751e8b465ee728b)
Start importing Assets/graphics/TileSheets/Objects_29.asset using Guid(62916d7d15ba7494bb7fb190549e53cd) Importer(815301076,1909f56bfc062723c751e8b465ee728b)  -> (artifact id: '6297a201dbe1869d418b64e79c39460a') in 0.056668 seconds 
  Import took 0.064832 seconds .

========================================================================
Received Import Request.
  Time since last request: 0.000295 seconds.
  path: Assets/graphics/TileSheets/Objects_28.asset
  artifactKey: Guid(b9499ae3e77c477458115e8ba8351655) Importer(815301076,1909f56bfc062723c751e8b465ee728b)
Start importing Assets/graphics/TileSheets/Objects_28.asset using Guid(b9499ae3e77c477458115e8ba8351655) Importer(815301076,1909f56bfc062723c751e8b465ee728b)  -> (artifact id: '2a235e1f41f587d7bc6e79c1e8e83491') in 0.053316 seconds 
  Import took 0.061402 seconds .

========================================================================
Received Import Request.
  Time since last request: 0.000308 seconds.
  path: Assets/graphics/TileSheets/Objects_1.asset
  artifactKey: Guid(f7dbeaf7a3e168448b858a399eb2e1a2) Importer(815301076,1909f56bfc062723c751e8b465ee728b)
Start importing Assets/graphics/TileSheets/Objects_1.asset using Guid(f7dbeaf7a3e168448b858a399eb2e1a2) Importer(815301076,1909f56bfc062723c751e8b465ee728b)  -> (artifact id: '6b3e5cd761d56583f23783e92067d894') in 0.046607 seconds 
  Import took 0.054717 seconds .

========================================================================
Received Import Request.
  Time since last request: 0.000314 seconds.
  path: Assets/graphics/TileSheets/Tree_1.asset
  artifactKey: Guid(5461f43741cc5be43a99d98e7c37842b) Importer(815301076,1909f56bfc062723c751e8b465ee728b)
Start importing Assets/graphics/TileSheets/Tree_1.asset using Guid(5461f43741cc5be43a99d98e7c37842b) Importer(815301076,1909f56bfc062723c751e8b465ee728b)  -> (artifact id: '451b1eddd8796d2919abb3c165d18b4e') in 0.039235 seconds 
  Import took 0.047118 seconds .

========================================================================
Received Import Request.
  Time since last request: 0.000380 seconds.
  path: Assets/graphics/TileSheets/Objects_27.asset
  artifactKey: Guid(6c7d7e288def33244a1649989d01abf2) Importer(815301076,1909f56bfc062723c751e8b465ee728b)
Start importing Assets/graphics/TileSheets/Objects_27.asset using Guid(6c7d7e288def33244a1649989d01abf2) Importer(815301076,1909f56bfc062723c751e8b465ee728b)  -> (artifact id: '45852589c255568f95950826f6204c2b') in 0.053888 seconds 
  Import took 0.060071 seconds .

========================================================================
Received Import Request.
  Time since last request: 0.000304 seconds.
  path: Assets/graphics/TileSheets/Objects_30.asset
  artifactKey: Guid(82435bcb1b83ad94ba4993a56e8d1c10) Importer(815301076,1909f56bfc062723c751e8b465ee728b)
Start importing Assets/graphics/TileSheets/Objects_30.asset using Guid(82435bcb1b83ad94ba4993a56e8d1c10) Importer(815301076,1909f56bfc062723c751e8b465ee728b)  -> (artifact id: 'ea51abcd2e11ed8ae47af976d7e9ba91') in 0.050202 seconds 
  Import took 0.057198 seconds .

========================================================================
Received Import Request.
  Time since last request: 0.000344 seconds.
  path: Assets/graphics/TileSheets/Objects_25.asset
  artifactKey: Guid(7620c9fbb8b0d4049a00ea90e8c2ef2e) Importer(815301076,1909f56bfc062723c751e8b465ee728b)
Start importing Assets/graphics/TileSheets/Objects_25.asset using Guid(7620c9fbb8b0d4049a00ea90e8c2ef2e) Importer(815301076,1909f56bfc062723c751e8b465ee728b)  -> (artifact id: 'e4b172e3f578f314b80e2ccaf5d3eb53') in 0.053034 seconds 
  Import took 0.065709 seconds .

========================================================================
Received Import Request.
  Time since last request: 0.000443 seconds.
  path: Assets/graphics/TileSheets/Objects_13.asset
  artifactKey: Guid(dfc0524299f644a48af26e1267e7885d) Importer(815301076,1909f56bfc062723c751e8b465ee728b)
Start importing Assets/graphics/TileSheets/Objects_13.asset using Guid(dfc0524299f644a48af26e1267e7885d) Importer(815301076,1909f56bfc062723c751e8b465ee728b)  -> (artifact id: '9540f3691085dbc778247e2423aab635') in 0.051176 seconds 
  Import took 0.058233 seconds .

========================================================================
Received Import Request.
  Time since last request: 0.000329 seconds.
  path: Assets/graphics/TileSheets/Objects_2.asset
  artifactKey: Guid(660fcc8b314641541b35b674bbd473b2) Importer(815301076,1909f56bfc062723c751e8b465ee728b)
Start importing Assets/graphics/TileSheets/Objects_2.asset using Guid(660fcc8b314641541b35b674bbd473b2) Importer(815301076,1909f56bfc062723c751e8b465ee728b)  -> (artifact id: '9278bb3b5f4d40655306d9c4f0be3a5c') in 0.055435 seconds 
  Import took 0.065078 seconds .

========================================================================
Received Import Request.
  Time since last request: 0.000872 seconds.
  path: Assets/graphics/TileSheets/Objects_6.asset
  artifactKey: Guid(f80a32e624dde3d479ed4e755d78fd19) Importer(815301076,1909f56bfc062723c751e8b465ee728b)
Start importing Assets/graphics/TileSheets/Objects_6.asset using Guid(f80a32e624dde3d479ed4e755d78fd19) Importer(815301076,1909f56bfc062723c751e8b465ee728b)  -> (artifact id: 'd0ac058666ead27c1c8494aeb3709177') in 0.060455 seconds 
  Import took 0.070249 seconds .

========================================================================
Received Import Request.
  Time since last request: 0.000331 seconds.
  path: Assets/graphics/TileSheets/Objects_26.asset
  artifactKey: Guid(0b5225f4aafa0b446a957c532a81be32) Importer(815301076,1909f56bfc062723c751e8b465ee728b)
Start importing Assets/graphics/TileSheets/Objects_26.asset using Guid(0b5225f4aafa0b446a957c532a81be32) Importer(815301076,1909f56bfc062723c751e8b465ee728b)  -> (artifact id: '962b4a9342fb5ce2e8bee8e80cd7115e') in 0.052038 seconds 
  Import took 0.061430 seconds .

========================================================================
Received Import Request.
  Time since last request: 0.000386 seconds.
  path: Assets/graphics/TileSheets/Objects_16.asset
  artifactKey: Guid(a2a3149c21503a147abf304fc50b821b) Importer(815301076,1909f56bfc062723c751e8b465ee728b)
Start importing Assets/graphics/TileSheets/Objects_16.asset using Guid(a2a3149c21503a147abf304fc50b821b) Importer(815301076,1909f56bfc062723c751e8b465ee728b)  -> (artifact id: 'e9f542ddf870b8acef69c41cf2e0083f') in 0.051627 seconds 
  Import took 0.060074 seconds .

========================================================================
Received Import Request.
  Time since last request: 0.000292 seconds.
  path: Assets/graphics/TileSheets/Objects_18.asset
  artifactKey: Guid(d751d1034679fbe4ab31f8cf8d036c13) Importer(815301076,1909f56bfc062723c751e8b465ee728b)
Start importing Assets/graphics/TileSheets/Objects_18.asset using Guid(d751d1034679fbe4ab31f8cf8d036c13) Importer(815301076,1909f56bfc062723c751e8b465ee728b)  -> (artifact id: '9a714eccd399495c337e691d50eee2b1') in 0.056436 seconds 
  Import took 0.066028 seconds .

========================================================================
Received Import Request.
  Time since last request: 0.000336 seconds.
  path: Assets/graphics/TileSheets/Objects_22.asset
  artifactKey: Guid(cce1603f78f39e241832219431998565) Importer(815301076,1909f56bfc062723c751e8b465ee728b)
Start importing Assets/graphics/TileSheets/Objects_22.asset using Guid(cce1603f78f39e241832219431998565) Importer(815301076,1909f56bfc062723c751e8b465ee728b)  -> (artifact id: 'bda08db457c924b5682478e1bf71eba7') in 0.051205 seconds 
  Import took 0.061315 seconds .

========================================================================
Received Import Request.
  Time since last request: 0.000596 seconds.
  path: Assets/graphics/TileSheets/Tree_0.asset
  artifactKey: Guid(6ac66c514799d664f8230846e97e250e) Importer(815301076,1909f56bfc062723c751e8b465ee728b)
Start importing Assets/graphics/TileSheets/Tree_0.asset using Guid(6ac66c514799d664f8230846e97e250e) Importer(815301076,1909f56bfc062723c751e8b465ee728b)  -> (artifact id: '7f6e59e7e14d1631d6ead12fd8c9e48e') in 0.036222 seconds 
  Import took 0.045726 seconds .

========================================================================
Received Import Request.
  Time since last request: 0.001209 seconds.
  path: Assets/graphics/TileSheets/Objects_19.asset
  artifactKey: Guid(c8468eb1fed3e0540b7780d12e45fa7c) Importer(815301076,1909f56bfc062723c751e8b465ee728b)
Start importing Assets/graphics/TileSheets/Objects_19.asset using Guid(c8468eb1fed3e0540b7780d12e45fa7c) Importer(815301076,1909f56bfc062723c751e8b465ee728b)  -> (artifact id: '68bb24e5d5bea69ad5eb2235bb254ec5') in 0.054579 seconds 
  Import took 0.062600 seconds .

========================================================================
Received Import Request.
  Time since last request: 0.000285 seconds.
  path: Assets/graphics/TileSheets/Objects_9.asset
  artifactKey: Guid(50ec6b70d2bf1b6438531a2c112383e4) Importer(815301076,1909f56bfc062723c751e8b465ee728b)
Start importing Assets/graphics/TileSheets/Objects_9.asset using Guid(50ec6b70d2bf1b6438531a2c112383e4) Importer(815301076,1909f56bfc062723c751e8b465ee728b)  -> (artifact id: '5aff6828e77255f1d9da611fb108386b') in 0.049876 seconds 
  Import took 0.056673 seconds .

========================================================================
Received Import Request.
  Time since last request: 0.000304 seconds.
  path: Assets/graphics/TileSheets/Tree_2.asset
  artifactKey: Guid(85bee2ea9c99ede4787f2038ea92e889) Importer(815301076,1909f56bfc062723c751e8b465ee728b)
Start importing Assets/graphics/TileSheets/Tree_2.asset using Guid(85bee2ea9c99ede4787f2038ea92e889) Importer(815301076,1909f56bfc062723c751e8b465ee728b)  -> (artifact id: 'e7a0ff7314f3d1a80f68b82539ecdb9d') in 0.037615 seconds 
  Import took 0.046723 seconds .

========================================================================
Received Import Request.
  Time since last request: 0.000504 seconds.
  path: Assets/graphics/TileSheets/Objects_21.asset
  artifactKey: Guid(1e652a97dcc0bcd45a4cd771f5526f12) Importer(815301076,1909f56bfc062723c751e8b465ee728b)
Start importing Assets/graphics/TileSheets/Objects_21.asset using Guid(1e652a97dcc0bcd45a4cd771f5526f12) Importer(815301076,1909f56bfc062723c751e8b465ee728b)  -> (artifact id: '4a99daadea8387afd4896e428a928fac') in 0.052654 seconds 
  Import took 0.064435 seconds .

========================================================================
Received Import Request.
  Time since last request: 0.000310 seconds.
  path: Assets/graphics/TileSheets/Objects_5.asset
  artifactKey: Guid(97a35327da6d6934e990e32a82b90e23) Importer(815301076,1909f56bfc062723c751e8b465ee728b)
Start importing Assets/graphics/TileSheets/Objects_5.asset using Guid(97a35327da6d6934e990e32a82b90e23) Importer(815301076,1909f56bfc062723c751e8b465ee728b)  -> (artifact id: '0a69160aca4b48c57d25277d017caefa') in 0.050886 seconds 
  Import took 0.060260 seconds .

========================================================================
Received Import Request.
  Time since last request: 0.000294 seconds.
  path: Assets/graphics/TileSheets/Objects_7.asset
  artifactKey: Guid(41448d278964a454eae0d38142659e64) Importer(815301076,1909f56bfc062723c751e8b465ee728b)
Start importing Assets/graphics/TileSheets/Objects_7.asset using Guid(41448d278964a454eae0d38142659e64) Importer(815301076,1909f56bfc062723c751e8b465ee728b)  -> (artifact id: 'c9ff40aae8bba7db51bc20defc851e65') in 0.055186 seconds 
  Import took 0.065462 seconds .

========================================================================
Received Import Request.
  Time since last request: 0.000287 seconds.
  path: Assets/graphics/TileSheets/Objects_31.asset
  artifactKey: Guid(9dee57608edc5f3489adb35810da3be7) Importer(815301076,1909f56bfc062723c751e8b465ee728b)
Start importing Assets/graphics/TileSheets/Objects_31.asset using Guid(9dee57608edc5f3489adb35810da3be7) Importer(815301076,1909f56bfc062723c751e8b465ee728b)  -> (artifact id: 'ddedb11519b6fc546e802a42fcd544bb') in 0.061701 seconds 
  Import took 0.070511 seconds .

========================================================================
Received Import Request.
  Time since last request: 0.000331 seconds.
  path: Assets/graphics/TileSheets/Objects_20.asset
  artifactKey: Guid(b9a6a5217c1d9ea449ac546b8d265875) Importer(815301076,1909f56bfc062723c751e8b465ee728b)
Start importing Assets/graphics/TileSheets/Objects_20.asset using Guid(b9a6a5217c1d9ea449ac546b8d265875) Importer(815301076,1909f56bfc062723c751e8b465ee728b)  -> (artifact id: 'e9dacded7c86cf8fc3facc08aea9f96c') in 0.051111 seconds 
  Import took 0.058694 seconds .

========================================================================
Received Import Request.
  Time since last request: 0.000473 seconds.
  path: Assets/graphics/TileSheets/Objects_32.asset
  artifactKey: Guid(fbca7905f39c62543a6d9bd54b06ebda) Importer(815301076,1909f56bfc062723c751e8b465ee728b)
Start importing Assets/graphics/TileSheets/Objects_32.asset using Guid(fbca7905f39c62543a6d9bd54b06ebda) Importer(815301076,1909f56bfc062723c751e8b465ee728b)  -> (artifact id: 'cf0a09381eb941d56721b02ab5082159') in 0.054389 seconds 
  Import took 0.063688 seconds .

========================================================================
Received Import Request.
  Time since last request: 0.000299 seconds.
  path: Assets/graphics/TileSheets/Objects_8.asset
  artifactKey: Guid(8ba80817f2876584c8977174a7bcce9c) Importer(815301076,1909f56bfc062723c751e8b465ee728b)
Start importing Assets/graphics/TileSheets/Objects_8.asset using Guid(8ba80817f2876584c8977174a7bcce9c) Importer(815301076,1909f56bfc062723c751e8b465ee728b)  -> (artifact id: 'a18a0f9b864d52b5e19727faecdc9a3b') in 0.059295 seconds 
  Import took 0.067119 seconds .

========================================================================
Received Import Request.
  Time since last request: 0.000337 seconds.
  path: Assets/graphics/TileSheets/Objects_3.asset
  artifactKey: Guid(30f45be89544361489cfb41634772c13) Importer(815301076,1909f56bfc062723c751e8b465ee728b)
Start importing Assets/graphics/TileSheets/Objects_3.asset using Guid(30f45be89544361489cfb41634772c13) Importer(815301076,1909f56bfc062723c751e8b465ee728b)  -> (artifact id: '142df5d17711047ab8dfe19aa4a6dce4') in 0.059071 seconds 
  Import took 0.065138 seconds .

========================================================================
Received Import Request.
  Time since last request: 0.000668 seconds.
  path: Assets/graphics/TileSheets/Objects_14.asset
  artifactKey: Guid(d00b423455f49814ea3bdcafb64f94e9) Importer(815301076,1909f56bfc062723c751e8b465ee728b)
Start importing Assets/graphics/TileSheets/Objects_14.asset using Guid(d00b423455f49814ea3bdcafb64f94e9) Importer(815301076,1909f56bfc062723c751e8b465ee728b)  -> (artifact id: 'ea63b2fbadc993f5ab5f5551e41c4977') in 0.058745 seconds 
  Import took 0.066034 seconds .

========================================================================
Received Import Request.
  Time since last request: 0.000529 seconds.
  path: Assets/graphics/TileSheets/Objects_23.asset
  artifactKey: Guid(17aaabf4755593441a0077b52656f8ef) Importer(815301076,1909f56bfc062723c751e8b465ee728b)
Start importing Assets/graphics/TileSheets/Objects_23.asset using Guid(17aaabf4755593441a0077b52656f8ef) Importer(815301076,1909f56bfc062723c751e8b465ee728b)  -> (artifact id: '029b55c76008219792c1fe0192641711') in 0.058109 seconds 
  Import took 0.066665 seconds .

========================================================================
Received Import Request.
  Time since last request: 0.000299 seconds.
  path: Assets/graphics/TileSheets/Objects_33.asset
  artifactKey: Guid(709bb08b8ce8b7d4fbc6b47e902590f3) Importer(815301076,1909f56bfc062723c751e8b465ee728b)
Start importing Assets/graphics/TileSheets/Objects_33.asset using Guid(709bb08b8ce8b7d4fbc6b47e902590f3) Importer(815301076,1909f56bfc062723c751e8b465ee728b)  -> (artifact id: '55e47339fae614aa674b3a4b7381eb8c') in 0.056862 seconds 
  Import took 0.065859 seconds .

========================================================================
Received Import Request.
  Time since last request: 0.000292 seconds.
  path: Assets/graphics/TileSheets/Objects_17.asset
  artifactKey: Guid(8f96408d2703c6f46802d543a8999234) Importer(815301076,1909f56bfc062723c751e8b465ee728b)
Start importing Assets/graphics/TileSheets/Objects_17.asset using Guid(8f96408d2703c6f46802d543a8999234) Importer(815301076,1909f56bfc062723c751e8b465ee728b)  -> (artifact id: 'ed2961400a6d8111a1f402f3c1875a5e') in 0.053531 seconds 
  Import took 0.062278 seconds .

========================================================================
Received Import Request.
  Time since last request: 0.000646 seconds.
  path: Assets/graphics/TileSheets/Objects_4.asset
  artifactKey: Guid(d845421a6b7f69f49b26ef30e1aaf78a) Importer(815301076,1909f56bfc062723c751e8b465ee728b)
Start importing Assets/graphics/TileSheets/Objects_4.asset using Guid(d845421a6b7f69f49b26ef30e1aaf78a) Importer(815301076,1909f56bfc062723c751e8b465ee728b)  -> (artifact id: '3ff53e343e78b5478960f7668621c5db') in 0.052307 seconds 
  Import took 0.061087 seconds .

========================================================================
Received Prepare
Refreshing native plugins compatible for Editor in 6.03 ms, found 3 plugins.
Preloading 0 native plugins for Editor in 0.00 ms.
Unloading 14 Unused Serialized files (Serialized files now loaded: 0)
System memory in use before: 54.9 MB.
System memory in use after: 55.0 MB.

Unloading 14 unused Assets to reduce memory usage. Loaded Objects now: 2538.
Total: 4.692000 ms (FindLiveObjects: 0.241500 ms CreateObjectMapping: 0.093100 ms MarkObjects: 4.327900 ms  DeleteObjects: 0.027800 ms)

AssetImportParameters requested are different than current active one (requested -> active):
  custom:framework-win-MediaFoundation: 216162199b28c13a410421893ffa2e32 -> 
  custom:video-decoder-ogg-theora: a1e56fd34408186e4bbccfd4996cb3dc -> 
  custom:container-muxer-webm: aa71ff27fc2769a1b78a27578f13a17b -> 
  custom:container-demuxer-webm: 4f35f7cbe854078d1ac9338744f61a02 -> 
  custom:container-demuxer-ogg: 62fdf1f143b41e24485cea50d1cbac27 -> 
  custom:video-encoder-webm-vp8: eb34c28f22e8b96e1ab97ce403110664 -> 
  custom:video-decoder-webm-vp8: 9c59270c3fd7afecdb556c50c9e8de78 -> 
  custom:audio-decoder-ogg-vorbis: bf7c407c2cedff20999df2af8eb42d56 -> 
  custom:audio-encoder-webm-vorbis: bf7c407c2cedff20999df2af8eb42d56 -> 
========================================================================
Received Import Request.
  Time since last request: 16.329981 seconds.
  path: Assets/graphics/TileSheets/New Material.mat
  artifactKey: Guid(2cebfa8e4426b9c439d40578b78cd1d6) Importer(815301076,1909f56bfc062723c751e8b465ee728b)
Start importing Assets/graphics/TileSheets/New Material.mat using Guid(2cebfa8e4426b9c439d40578b78cd1d6) Importer(815301076,1909f56bfc062723c751e8b465ee728b)  -> (artifact id: '1fa88ad448d7000e3d2fab8a7ae7dd2b') in 0.106544 seconds 
  Import took 0.112878 seconds .

========================================================================
Received Import Request.
  Time since last request: 30.048872 seconds.
  path: Assets/NewBehaviourScript.cs
  artifactKey: Guid(702580010ba28ae468328ae2ba98b2d0) Importer(815301076,1909f56bfc062723c751e8b465ee728b)
Start importing Assets/NewBehaviourScript.cs using Guid(702580010ba28ae468328ae2ba98b2d0) Importer(815301076,1909f56bfc062723c751e8b465ee728b)  -> (artifact id: '0a1f81c63bec63493db3419085e9058f') in 0.021146 seconds 
  Import took 0.028217 seconds .

========================================================================
Received Import Request.
  Time since last request: 0.001244 seconds.
  path: Assets/NewBehaviourScript.cs
  artifactKey: Guid(702580010ba28ae468328ae2ba98b2d0) Importer(815301076,1909f56bfc062723c751e8b465ee728b)
Start importing Assets/NewBehaviourScript.cs using Guid(702580010ba28ae468328ae2ba98b2d0) Importer(815301076,1909f56bfc062723c751e8b465ee728b)  -> (artifact id: '0a1f81c63bec63493db3419085e9058f') in 0.008568 seconds 
  Import took 0.018701 seconds .

========================================================================
Received Prepare
Registering precompiled user dll's ...
Registered in 0.010337 seconds.
Begin MonoManager ReloadAssembly
Native extension for WindowsStandalone target not found
Native extension for WebGL target not found
Refreshing native plugins compatible for Editor in 0.92 ms, found 3 plugins.
Preloading 0 native plugins for Editor in 0.00 ms.
Mono: successfully reloaded assembly
- Completed reload, in  1.715 seconds
Domain Reload Profiling:
	ReloadAssembly (1716ms)
		BeginReloadAssembly (206ms)
			ExecutionOrderSort (0ms)
			DisableScriptedObjects (17ms)
			BackupInstance (0ms)
			ReleaseScriptingObjects (0ms)
			CreateAndSetChildDomain (57ms)
		EndReloadAssembly (1383ms)
			LoadAssemblies (170ms)
			RebuildTransferFunctionScriptingTraits (0ms)
			SetupTypeCache (446ms)
			ReleaseScriptCaches (1ms)
			RebuildScriptCaches (66ms)
			SetupLoadedEditorAssemblies (560ms)
				LogAssemblyErrors (0ms)
				InitializePlatformSupportModulesInManaged (10ms)
				SetLoadedEditorAssemblies (1ms)
				RefreshPlugins (1ms)
				BeforeProcessingInitializeOnLoad (138ms)
				ProcessInitializeOnLoadAttributes (392ms)
				ProcessInitializeOnLoadMethodAttributes (7ms)
				AfterProcessingInitializeOnLoad (10ms)
				EditorAssembliesLoaded (0ms)
			ExecutionOrderSort2 (0ms)
			AwakeInstancesAfterBackupRestoration (16ms)
Platform modules already initialized, skipping
Refreshing native plugins compatible for Editor in 0.80 ms, found 3 plugins.
Preloading 0 native plugins for Editor in 0.00 ms.
Unloading 2081 Unused Serialized files (Serialized files now loaded: 0)
System memory in use before: 95.8 MB.
System memory in use after: 95.9 MB.

Unloading 16 unused Assets to reduce memory usage. Loaded Objects now: 2574.
Total: 5.466700 ms (FindLiveObjects: 0.352200 ms CreateObjectMapping: 0.116900 ms MarkObjects: 4.949300 ms  DeleteObjects: 0.045200 ms)

AssetImportParameters requested are different than current active one (requested -> active):
  custom:framework-win-MediaFoundation: 216162199b28c13a410421893ffa2e32 -> 
  custom:video-decoder-ogg-theora: a1e56fd34408186e4bbccfd4996cb3dc -> 
  custom:container-muxer-webm: aa71ff27fc2769a1b78a27578f13a17b -> 
  custom:container-demuxer-webm: 4f35f7cbe854078d1ac9338744f61a02 -> 
  custom:container-demuxer-ogg: 62fdf1f143b41e24485cea50d1cbac27 -> 
  custom:video-encoder-webm-vp8: eb34c28f22e8b96e1ab97ce403110664 -> 
  custom:video-decoder-webm-vp8: 9c59270c3fd7afecdb556c50c9e8de78 -> 
  custom:audio-decoder-ogg-vorbis: bf7c407c2cedff20999df2af8eb42d56 -> 
  custom:audio-encoder-webm-vorbis: bf7c407c2cedff20999df2af8eb42d56 -> 
========================================================================
Received Import Request.
  Time since last request: 23.297600 seconds.
  path: Assets/New Folder
  artifactKey: Guid(698c98843b8e0154fbc5dcf3ea04f6f7) Importer(815301076,1909f56bfc062723c751e8b465ee728b)
Start importing Assets/New Folder using Guid(698c98843b8e0154fbc5dcf3ea04f6f7) Importer(815301076,1909f56bfc062723c751e8b465ee728b)  -> (artifact id: '0bc329937705a0ead3f5f918e03d9469') in 0.014764 seconds 
  Import took 0.022880 seconds .

========================================================================
Received Import Request.
  Time since last request: 0.008653 seconds.
  path: Assets/New Folder
  artifactKey: Guid(698c98843b8e0154fbc5dcf3ea04f6f7) Importer(815301076,1909f56bfc062723c751e8b465ee728b)
Start importing Assets/New Folder using Guid(698c98843b8e0154fbc5dcf3ea04f6f7) Importer(815301076,1909f56bfc062723c751e8b465ee728b)  -> (artifact id: '0bc329937705a0ead3f5f918e03d9469') in 0.004242 seconds 
  Import took 0.014061 seconds .

========================================================================
Received Import Request.
  Time since last request: 51.030027 seconds.
  path: Assets/MovementScript.cs
  artifactKey: Guid(be2baee999a264d43ac9f10177316af5) Importer(815301076,1909f56bfc062723c751e8b465ee728b)
Start importing Assets/MovementScript.cs using Guid(be2baee999a264d43ac9f10177316af5) Importer(815301076,1909f56bfc062723c751e8b465ee728b)  -> (artifact id: '1f22d74765ff656a7e3001340c91ca0a') in 0.010915 seconds 
  Import took 0.021771 seconds .

========================================================================
Received Prepare
Registering precompiled user dll's ...
Registered in 0.006977 seconds.
Begin MonoManager ReloadAssembly
Native extension for WindowsStandalone target not found
Native extension for WebGL target not found
Refreshing native plugins compatible for Editor in 0.99 ms, found 3 plugins.
Preloading 0 native plugins for Editor in 0.00 ms.
Mono: successfully reloaded assembly
- Completed reload, in  1.813 seconds
Domain Reload Profiling:
	ReloadAssembly (1814ms)
		BeginReloadAssembly (201ms)
			ExecutionOrderSort (0ms)
			DisableScriptedObjects (10ms)
			BackupInstance (0ms)
			ReleaseScriptingObjects (0ms)
			CreateAndSetChildDomain (63ms)
		EndReloadAssembly (1488ms)
			LoadAssemblies (171ms)
			RebuildTransferFunctionScriptingTraits (0ms)
			SetupTypeCache (438ms)
			ReleaseScriptCaches (1ms)
			RebuildScriptCaches (70ms)
			SetupLoadedEditorAssemblies (668ms)
				LogAssemblyErrors (0ms)
				InitializePlatformSupportModulesInManaged (11ms)
				SetLoadedEditorAssemblies (1ms)
				RefreshPlugins (1ms)
				BeforeProcessingInitializeOnLoad (147ms)
				ProcessInitializeOnLoadAttributes (488ms)
				ProcessInitializeOnLoadMethodAttributes (9ms)
				AfterProcessingInitializeOnLoad (11ms)
				EditorAssembliesLoaded (0ms)
			ExecutionOrderSort2 (0ms)
			AwakeInstancesAfterBackupRestoration (17ms)
Platform modules already initialized, skipping
Refreshing native plugins compatible for Editor in 3.00 ms, found 3 plugins.
Preloading 0 native plugins for Editor in 0.00 ms.
Unloading 2082 Unused Serialized files (Serialized files now loaded: 0)
System memory in use before: 95.9 MB.
System memory in use after: 96.0 MB.

Unloading 16 unused Assets to reduce memory usage. Loaded Objects now: 2578.
Total: 8.411400 ms (FindLiveObjects: 0.243100 ms CreateObjectMapping: 0.096700 ms MarkObjects: 8.034300 ms  DeleteObjects: 0.034800 ms)

AssetImportParameters requested are different than current active one (requested -> active):
  custom:framework-win-MediaFoundation: 216162199b28c13a410421893ffa2e32 -> 
  custom:video-decoder-ogg-theora: a1e56fd34408186e4bbccfd4996cb3dc -> 
  custom:container-muxer-webm: aa71ff27fc2769a1b78a27578f13a17b -> 
  custom:container-demuxer-webm: 4f35f7cbe854078d1ac9338744f61a02 -> 
  custom:container-demuxer-ogg: 62fdf1f143b41e24485cea50d1cbac27 -> 
  custom:video-encoder-webm-vp8: eb34c28f22e8b96e1ab97ce403110664 -> 
  custom:video-decoder-webm-vp8: 9c59270c3fd7afecdb556c50c9e8de78 -> 
  custom:audio-decoder-ogg-vorbis: bf7c407c2cedff20999df2af8eb42d56 -> 
  custom:audio-encoder-webm-vorbis: bf7c407c2cedff20999df2af8eb42d56 -> 
========================================================================
Received Import Request.
  Time since last request: 29.220214 seconds.
  path: ProjectSettings/TagManager.asset
  artifactKey: Guid(00000000000000003000000000000000) Importer(815301076,1909f56bfc062723c751e8b465ee728b)
Start importing ProjectSettings/TagManager.asset using Guid(00000000000000003000000000000000) Importer(815301076,1909f56bfc062723c751e8b465ee728b)  -> (artifact id: '6e439bce1e13a60283a8a35e2339a171') in 0.050242 seconds 
  Import took 0.059825 seconds .

========================================================================
Received Import Request.
  Time since last request: 0.001059 seconds.
  path: ProjectSettings/TagManager.asset
  artifactKey: Guid(00000000000000003000000000000000) Importer(815301076,1909f56bfc062723c751e8b465ee728b)
Start importing ProjectSettings/TagManager.asset using Guid(00000000000000003000000000000000) Importer(815301076,1909f56bfc062723c751e8b465ee728b)  -> (artifact id: '6e439bce1e13a60283a8a35e2339a171') in 0.017134 seconds 
  Import took 0.027446 seconds .

========================================================================
Received Prepare
Registering precompiled user dll's ...
Registered in 0.017993 seconds.
Begin MonoManager ReloadAssembly
Native extension for WindowsStandalone target not found
Native extension for WebGL target not found
Refreshing native plugins compatible for Editor in 1.05 ms, found 3 plugins.
Preloading 0 native plugins for Editor in 0.00 ms.
Mono: successfully reloaded assembly
- Completed reload, in  2.027 seconds
Domain Reload Profiling:
	ReloadAssembly (2028ms)
		BeginReloadAssembly (201ms)
			ExecutionOrderSort (0ms)
			DisableScriptedObjects (15ms)
			BackupInstance (0ms)
			ReleaseScriptingObjects (0ms)
			CreateAndSetChildDomain (52ms)
		EndReloadAssembly (1722ms)
			LoadAssemblies (174ms)
			RebuildTransferFunctionScriptingTraits (0ms)
			SetupTypeCache (468ms)
			ReleaseScriptCaches (1ms)
			RebuildScriptCaches (82ms)
			SetupLoadedEditorAssemblies (789ms)
				LogAssemblyErrors (0ms)
				InitializePlatformSupportModulesInManaged (15ms)
				SetLoadedEditorAssemblies (1ms)
				RefreshPlugins (1ms)
				BeforeProcessingInitializeOnLoad (229ms)
				ProcessInitializeOnLoadAttributes (518ms)
				ProcessInitializeOnLoadMethodAttributes (9ms)
				AfterProcessingInitializeOnLoad (15ms)
				EditorAssembliesLoaded (0ms)
			ExecutionOrderSort2 (0ms)
			AwakeInstancesAfterBackupRestoration (18ms)
Platform modules already initialized, skipping
Refreshing native plugins compatible for Editor in 0.82 ms, found 3 plugins.
Preloading 0 native plugins for Editor in 0.00 ms.
Unloading 2082 Unused Serialized files (Serialized files now loaded: 0)
System memory in use before: 95.9 MB.
System memory in use after: 96.0 MB.

Unloading 18 unused Assets to reduce memory usage. Loaded Objects now: 2581.
Total: 9.873800 ms (FindLiveObjects: 0.483500 ms CreateObjectMapping: 0.186800 ms MarkObjects: 9.165400 ms  DeleteObjects: 0.035700 ms)

AssetImportParameters requested are different than current active one (requested -> active):
  custom:framework-win-MediaFoundation: 216162199b28c13a410421893ffa2e32 -> 
  custom:video-decoder-ogg-theora: a1e56fd34408186e4bbccfd4996cb3dc -> 
  custom:container-muxer-webm: aa71ff27fc2769a1b78a27578f13a17b -> 
  custom:container-demuxer-webm: 4f35f7cbe854078d1ac9338744f61a02 -> 
  custom:container-demuxer-ogg: 62fdf1f143b41e24485cea50d1cbac27 -> 
  custom:video-encoder-webm-vp8: eb34c28f22e8b96e1ab97ce403110664 -> 
  custom:video-decoder-webm-vp8: 9c59270c3fd7afecdb556c50c9e8de78 -> 
  custom:audio-decoder-ogg-vorbis: bf7c407c2cedff20999df2af8eb42d56 -> 
  custom:audio-encoder-webm-vorbis: bf7c407c2cedff20999df2af8eb42d56 -> 
========================================================================
Received Prepare
Registering precompiled user dll's ...
Registered in 0.007019 seconds.
Begin MonoManager ReloadAssembly
Native extension for WindowsStandalone target not found
Native extension for WebGL target not found
Refreshing native plugins compatible for Editor in 0.78 ms, found 3 plugins.
Preloading 0 native plugins for Editor in 0.00 ms.
Mono: successfully reloaded assembly
- Completed reload, in  1.872 seconds
Domain Reload Profiling:
	ReloadAssembly (1873ms)
		BeginReloadAssembly (175ms)
			ExecutionOrderSort (0ms)
			DisableScriptedObjects (13ms)
			BackupInstance (0ms)
			ReleaseScriptingObjects (0ms)
			CreateAndSetChildDomain (48ms)
		EndReloadAssembly (1583ms)
			LoadAssemblies (154ms)
			RebuildTransferFunctionScriptingTraits (0ms)
			SetupTypeCache (496ms)
			ReleaseScriptCaches (1ms)
			RebuildScriptCaches (71ms)
			SetupLoadedEditorAssemblies (637ms)
				LogAssemblyErrors (0ms)
				InitializePlatformSupportModulesInManaged (9ms)
				SetLoadedEditorAssemblies (1ms)
				RefreshPlugins (1ms)
				BeforeProcessingInitializeOnLoad (149ms)
				ProcessInitializeOnLoadAttributes (449ms)
				ProcessInitializeOnLoadMethodAttributes (11ms)
				AfterProcessingInitializeOnLoad (16ms)
				EditorAssembliesLoaded (0ms)
			ExecutionOrderSort2 (0ms)
			AwakeInstancesAfterBackupRestoration (17ms)
Platform modules already initialized, skipping
Refreshing native plugins compatible for Editor in 0.79 ms, found 3 plugins.
Preloading 0 native plugins for Editor in 0.00 ms.
Unloading 2082 Unused Serialized files (Serialized files now loaded: 0)
System memory in use before: 95.9 MB.
System memory in use after: 96.0 MB.

Unloading 16 unused Assets to reduce memory usage. Loaded Objects now: 2584.
Total: 4.610200 ms (FindLiveObjects: 0.259200 ms CreateObjectMapping: 0.102000 ms MarkObjects: 4.211000 ms  DeleteObjects: 0.035300 ms)

AssetImportParameters requested are different than current active one (requested -> active):
  custom:framework-win-MediaFoundation: 216162199b28c13a410421893ffa2e32 -> 
  custom:video-decoder-ogg-theora: a1e56fd34408186e4bbccfd4996cb3dc -> 
  custom:container-muxer-webm: aa71ff27fc2769a1b78a27578f13a17b -> 
  custom:container-demuxer-webm: 4f35f7cbe854078d1ac9338744f61a02 -> 
  custom:container-demuxer-ogg: 62fdf1f143b41e24485cea50d1cbac27 -> 
  custom:video-encoder-webm-vp8: eb34c28f22e8b96e1ab97ce403110664 -> 
  custom:video-decoder-webm-vp8: 9c59270c3fd7afecdb556c50c9e8de78 -> 
  custom:audio-decoder-ogg-vorbis: bf7c407c2cedff20999df2af8eb42d56 -> 
  custom:audio-encoder-webm-vorbis: bf7c407c2cedff20999df2af8eb42d56 -> 
========================================================================
Received Prepare
Registering precompiled user dll's ...
Registered in 0.020429 seconds.
Begin MonoManager ReloadAssembly
Native extension for WindowsStandalone target not found
Native extension for WebGL target not found
Refreshing native plugins compatible for Editor in 0.79 ms, found 3 plugins.
Preloading 0 native plugins for Editor in 0.00 ms.
Mono: successfully reloaded assembly
- Completed reload, in  2.062 seconds
Domain Reload Profiling:
	ReloadAssembly (2062ms)
		BeginReloadAssembly (197ms)
			ExecutionOrderSort (0ms)
			DisableScriptedObjects (13ms)
			BackupInstance (0ms)
			ReleaseScriptingObjects (0ms)
			CreateAndSetChildDomain (58ms)
		EndReloadAssembly (1751ms)
			LoadAssemblies (182ms)
			RebuildTransferFunctionScriptingTraits (0ms)
			SetupTypeCache (540ms)
			ReleaseScriptCaches (2ms)
			RebuildScriptCaches (94ms)
			SetupLoadedEditorAssemblies (731ms)
				LogAssemblyErrors (0ms)
				InitializePlatformSupportModulesInManaged (10ms)
				SetLoadedEditorAssemblies (1ms)
				RefreshPlugins (1ms)
				BeforeProcessingInitializeOnLoad (182ms)
				ProcessInitializeOnLoadAttributes (511ms)
				ProcessInitializeOnLoadMethodAttributes (9ms)
				AfterProcessingInitializeOnLoad (16ms)
				EditorAssembliesLoaded (0ms)
			ExecutionOrderSort2 (0ms)
			AwakeInstancesAfterBackupRestoration (30ms)
Platform modules already initialized, skipping
Refreshing native plugins compatible for Editor in 0.84 ms, found 3 plugins.
Preloading 0 native plugins for Editor in 0.00 ms.
Unloading 2082 Unused Serialized files (Serialized files now loaded: 0)
System memory in use before: 95.9 MB.
System memory in use after: 96.0 MB.

Unloading 16 unused Assets to reduce memory usage. Loaded Objects now: 2587.
Total: 6.501000 ms (FindLiveObjects: 0.253400 ms CreateObjectMapping: 0.089700 ms MarkObjects: 6.118400 ms  DeleteObjects: 0.037200 ms)

AssetImportParameters requested are different than current active one (requested -> active):
  custom:framework-win-MediaFoundation: 216162199b28c13a410421893ffa2e32 -> 
  custom:video-decoder-ogg-theora: a1e56fd34408186e4bbccfd4996cb3dc -> 
  custom:container-muxer-webm: aa71ff27fc2769a1b78a27578f13a17b -> 
  custom:container-demuxer-webm: 4f35f7cbe854078d1ac9338744f61a02 -> 
  custom:container-demuxer-ogg: 62fdf1f143b41e24485cea50d1cbac27 -> 
  custom:video-encoder-webm-vp8: eb34c28f22e8b96e1ab97ce403110664 -> 
  custom:video-decoder-webm-vp8: 9c59270c3fd7afecdb556c50c9e8de78 -> 
  custom:audio-decoder-ogg-vorbis: bf7c407c2cedff20999df2af8eb42d56 -> 
  custom:audio-encoder-webm-vorbis: bf7c407c2cedff20999df2af8eb42d56 -> 
========================================================================
Received Import Request.
  Time since last request: 580.514804 seconds.
  path: Assets/scripts
  artifactKey: Guid(698c98843b8e0154fbc5dcf3ea04f6f7) Importer(815301076,1909f56bfc062723c751e8b465ee728b)
Start importing Assets/scripts using Guid(698c98843b8e0154fbc5dcf3ea04f6f7) Importer(815301076,1909f56bfc062723c751e8b465ee728b)  -> (artifact id: '3d06b2b8638f23323f38c2069f9eaacb') in 0.023904 seconds 
  Import took 0.031679 seconds .

========================================================================
Received Prepare
Registering precompiled user dll's ...
Registered in 0.006606 seconds.
Begin MonoManager ReloadAssembly
Native extension for WindowsStandalone target not found
Native extension for WebGL target not found
Refreshing native plugins compatible for Editor in 0.77 ms, found 3 plugins.
Preloading 0 native plugins for Editor in 0.00 ms.
Mono: successfully reloaded assembly
- Completed reload, in  1.723 seconds
Domain Reload Profiling:
	ReloadAssembly (1723ms)
		BeginReloadAssembly (210ms)
			ExecutionOrderSort (0ms)
			DisableScriptedObjects (11ms)
			BackupInstance (0ms)
			ReleaseScriptingObjects (0ms)
			CreateAndSetChildDomain (62ms)
		EndReloadAssembly (1392ms)
			LoadAssemblies (185ms)
			RebuildTransferFunctionScriptingTraits (0ms)
			SetupTypeCache (432ms)
			ReleaseScriptCaches (1ms)
			RebuildScriptCaches (67ms)
			SetupLoadedEditorAssemblies (566ms)
				LogAssemblyErrors (0ms)
				InitializePlatformSupportModulesInManaged (9ms)
				SetLoadedEditorAssemblies (1ms)
				RefreshPlugins (1ms)
				BeforeProcessingInitializeOnLoad (144ms)
				ProcessInitializeOnLoadAttributes (392ms)
				ProcessInitializeOnLoadMethodAttributes (8ms)
				AfterProcessingInitializeOnLoad (11ms)
				EditorAssembliesLoaded (0ms)
			ExecutionOrderSort2 (0ms)
			AwakeInstancesAfterBackupRestoration (16ms)
Platform modules already initialized, skipping
Refreshing native plugins compatible for Editor in 1.08 ms, found 3 plugins.
Preloading 0 native plugins for Editor in 0.00 ms.
Unloading 2082 Unused Serialized files (Serialized files now loaded: 0)
System memory in use before: 95.9 MB.
System memory in use after: 96.0 MB.

Unloading 16 unused Assets to reduce memory usage. Loaded Objects now: 2590.
Total: 4.460100 ms (FindLiveObjects: 0.233400 ms CreateObjectMapping: 0.174900 ms MarkObjects: 4.023000 ms  DeleteObjects: 0.026800 ms)

AssetImportParameters requested are different than current active one (requested -> active):
  custom:framework-win-MediaFoundation: 216162199b28c13a410421893ffa2e32 -> 
  custom:video-decoder-ogg-theora: a1e56fd34408186e4bbccfd4996cb3dc -> 
  custom:container-muxer-webm: aa71ff27fc2769a1b78a27578f13a17b -> 
  custom:container-demuxer-webm: 4f35f7cbe854078d1ac9338744f61a02 -> 
  custom:container-demuxer-ogg: 62fdf1f143b41e24485cea50d1cbac27 -> 
  custom:video-encoder-webm-vp8: eb34c28f22e8b96e1ab97ce403110664 -> 
  custom:video-decoder-webm-vp8: 9c59270c3fd7afecdb556c50c9e8de78 -> 
  custom:audio-decoder-ogg-vorbis: bf7c407c2cedff20999df2af8eb42d56 -> 
  custom:audio-encoder-webm-vorbis: bf7c407c2cedff20999df2af8eb42d56 -> 
========================================================================
Received Prepare
Registering precompiled user dll's ...
Registered in 0.022175 seconds.
Begin MonoManager ReloadAssembly
Native extension for WindowsStandalone target not found
Native extension for WebGL target not found
Refreshing native plugins compatible for Editor in 0.77 ms, found 3 plugins.
Preloading 0 native plugins for Editor in 0.00 ms.
Mono: successfully reloaded assembly
- Completed reload, in  1.673 seconds
Domain Reload Profiling:
	ReloadAssembly (1673ms)
		BeginReloadAssembly (180ms)
			ExecutionOrderSort (0ms)
			DisableScriptedObjects (10ms)
			BackupInstance (0ms)
			ReleaseScriptingObjects (0ms)
			CreateAndSetChildDomain (49ms)
		EndReloadAssembly (1393ms)
			LoadAssemblies (156ms)
			RebuildTransferFunctionScriptingTraits (0ms)
			SetupTypeCache (425ms)
			ReleaseScriptCaches (1ms)
			RebuildScriptCaches (70ms)
			SetupLoadedEditorAssemblies (587ms)
				LogAssemblyErrors (0ms)
				InitializePlatformSupportModulesInManaged (9ms)
				SetLoadedEditorAssemblies (1ms)
				RefreshPlugins (1ms)
				BeforeProcessingInitializeOnLoad (151ms)
				ProcessInitializeOnLoadAttributes (405ms)
				ProcessInitializeOnLoadMethodAttributes (8ms)
				AfterProcessingInitializeOnLoad (11ms)
				EditorAssembliesLoaded (0ms)
			ExecutionOrderSort2 (0ms)
			AwakeInstancesAfterBackupRestoration (17ms)
Platform modules already initialized, skipping
Refreshing native plugins compatible for Editor in 0.84 ms, found 3 plugins.
Preloading 0 native plugins for Editor in 0.00 ms.
Unloading 2082 Unused Serialized files (Serialized files now loaded: 0)
System memory in use before: 95.9 MB.
System memory in use after: 96.1 MB.

Unloading 17 unused Assets to reduce memory usage. Loaded Objects now: 2593.
Total: 6.209600 ms (FindLiveObjects: 0.252100 ms CreateObjectMapping: 0.092700 ms MarkObjects: 4.912600 ms  DeleteObjects: 0.949700 ms)

AssetImportParameters requested are different than current active one (requested -> active):
  custom:framework-win-MediaFoundation: 216162199b28c13a410421893ffa2e32 -> 
  custom:video-decoder-ogg-theora: a1e56fd34408186e4bbccfd4996cb3dc -> 
  custom:container-muxer-webm: aa71ff27fc2769a1b78a27578f13a17b -> 
  custom:container-demuxer-webm: 4f35f7cbe854078d1ac9338744f61a02 -> 
  custom:container-demuxer-ogg: 62fdf1f143b41e24485cea50d1cbac27 -> 
  custom:video-encoder-webm-vp8: eb34c28f22e8b96e1ab97ce403110664 -> 
  custom:video-decoder-webm-vp8: 9c59270c3fd7afecdb556c50c9e8de78 -> 
  custom:audio-decoder-ogg-vorbis: bf7c407c2cedff20999df2af8eb42d56 -> 
  custom:audio-encoder-webm-vorbis: bf7c407c2cedff20999df2af8eb42d56 -> 
========================================================================
Received Import Request.
  Time since last request: 1254.122757 seconds.
  path: Assets/MovementScript.cs
  artifactKey: Guid(10e0b8c2314bda840ba71d24289f77ad) Importer(815301076,1909f56bfc062723c751e8b465ee728b)
Start importing Assets/MovementScript.cs using Guid(10e0b8c2314bda840ba71d24289f77ad) Importer(815301076,1909f56bfc062723c751e8b465ee728b)  -> (artifact id: '379c5039b8d14b4298020ae5ef2903d2') in 0.010011 seconds 
  Import took 0.016665 seconds .

========================================================================
Received Import Request.
  Time since last request: 0.040570 seconds.
  path: Assets/MovementScript.cs
  artifactKey: Guid(10e0b8c2314bda840ba71d24289f77ad) Importer(815301076,1909f56bfc062723c751e8b465ee728b)
Start importing Assets/MovementScript.cs using Guid(10e0b8c2314bda840ba71d24289f77ad) Importer(815301076,1909f56bfc062723c751e8b465ee728b)  -> (artifact id: '379c5039b8d14b4298020ae5ef2903d2') in 0.009548 seconds 
  Import took 0.017177 seconds .

========================================================================
Received Prepare
Registering precompiled user dll's ...
Registered in 0.006615 seconds.
Begin MonoManager ReloadAssembly
Native extension for WindowsStandalone target not found
Native extension for WebGL target not found
Refreshing native plugins compatible for Editor in 0.77 ms, found 3 plugins.
Preloading 0 native plugins for Editor in 0.00 ms.
Mono: successfully reloaded assembly
- Completed reload, in  1.794 seconds
Domain Reload Profiling:
	ReloadAssembly (1795ms)
		BeginReloadAssembly (218ms)
			ExecutionOrderSort (0ms)
			DisableScriptedObjects (14ms)
			BackupInstance (0ms)
			ReleaseScriptingObjects (0ms)
			CreateAndSetChildDomain (58ms)
		EndReloadAssembly (1457ms)
			LoadAssemblies (176ms)
			RebuildTransferFunctionScriptingTraits (0ms)
			SetupTypeCache (422ms)
			ReleaseScriptCaches (1ms)
			RebuildScriptCaches (71ms)
			SetupLoadedEditorAssemblies (648ms)
				LogAssemblyErrors (0ms)
				InitializePlatformSupportModulesInManaged (10ms)
				SetLoadedEditorAssemblies (1ms)
				RefreshPlugins (1ms)
				BeforeProcessingInitializeOnLoad (144ms)
				ProcessInitializeOnLoadAttributes (472ms)
				ProcessInitializeOnLoadMethodAttributes (9ms)
				AfterProcessingInitializeOnLoad (11ms)
				EditorAssembliesLoaded (0ms)
			ExecutionOrderSort2 (0ms)
			AwakeInstancesAfterBackupRestoration (19ms)
Platform modules already initialized, skipping
Refreshing native plugins compatible for Editor in 0.80 ms, found 3 plugins.
Preloading 0 native plugins for Editor in 0.00 ms.
Unloading 2082 Unused Serialized files (Serialized files now loaded: 0)
System memory in use before: 95.9 MB.
System memory in use after: 96.1 MB.

Unloading 16 unused Assets to reduce memory usage. Loaded Objects now: 2596.
Total: 9.311500 ms (FindLiveObjects: 0.242300 ms CreateObjectMapping: 0.093900 ms MarkObjects: 7.188800 ms  DeleteObjects: 1.784100 ms)

AssetImportParameters requested are different than current active one (requested -> active):
  custom:framework-win-MediaFoundation: 216162199b28c13a410421893ffa2e32 -> 
  custom:video-decoder-ogg-theora: a1e56fd34408186e4bbccfd4996cb3dc -> 
  custom:container-muxer-webm: aa71ff27fc2769a1b78a27578f13a17b -> 
  custom:container-demuxer-webm: 4f35f7cbe854078d1ac9338744f61a02 -> 
  custom:container-demuxer-ogg: 62fdf1f143b41e24485cea50d1cbac27 -> 
  custom:video-encoder-webm-vp8: eb34c28f22e8b96e1ab97ce403110664 -> 
  custom:video-decoder-webm-vp8: 9c59270c3fd7afecdb556c50c9e8de78 -> 
  custom:audio-decoder-ogg-vorbis: bf7c407c2cedff20999df2af8eb42d56 -> 
  custom:audio-encoder-webm-vorbis: bf7c407c2cedff20999df2af8eb42d56 -> 
========================================================================
Received Prepare
Registering precompiled user dll's ...
Registered in 0.007804 seconds.
Begin MonoManager ReloadAssembly
Native extension for WindowsStandalone target not found
Native extension for WebGL target not found
Refreshing native plugins compatible for Editor in 0.76 ms, found 3 plugins.
Preloading 0 native plugins for Editor in 0.00 ms.
Mono: successfully reloaded assembly
- Completed reload, in  2.199 seconds
Domain Reload Profiling:
	ReloadAssembly (2199ms)
		BeginReloadAssembly (190ms)
			ExecutionOrderSort (0ms)
			DisableScriptedObjects (10ms)
			BackupInstance (0ms)
			ReleaseScriptingObjects (0ms)
			CreateAndSetChildDomain (62ms)
		EndReloadAssembly (1882ms)
			LoadAssemblies (156ms)
			RebuildTransferFunctionScriptingTraits (0ms)
			SetupTypeCache (625ms)
			ReleaseScriptCaches (2ms)
			RebuildScriptCaches (95ms)
			SetupLoadedEditorAssemblies (774ms)
				LogAssemblyErrors (0ms)
				InitializePlatformSupportModulesInManaged (16ms)
				SetLoadedEditorAssemblies (1ms)
				RefreshPlugins (1ms)
				BeforeProcessingInitializeOnLoad (188ms)
				ProcessInitializeOnLoadAttributes (544ms)
				ProcessInitializeOnLoadMethodAttributes (12ms)
				AfterProcessingInitializeOnLoad (12ms)
				EditorAssembliesLoaded (0ms)
			ExecutionOrderSort2 (0ms)
			AwakeInstancesAfterBackupRestoration (22ms)
Platform modules already initialized, skipping
Refreshing native plugins compatible for Editor in 0.77 ms, found 3 plugins.
Preloading 0 native plugins for Editor in 0.00 ms.
Unloading 2082 Unused Serialized files (Serialized files now loaded: 0)
System memory in use before: 95.9 MB.
System memory in use after: 96.1 MB.

Unloading 16 unused Assets to reduce memory usage. Loaded Objects now: 2599.
Total: 7.049300 ms (FindLiveObjects: 0.287300 ms CreateObjectMapping: 0.135800 ms MarkObjects: 6.536100 ms  DeleteObjects: 0.087200 ms)

AssetImportParameters requested are different than current active one (requested -> active):
  custom:framework-win-MediaFoundation: 216162199b28c13a410421893ffa2e32 -> 
  custom:video-decoder-ogg-theora: a1e56fd34408186e4bbccfd4996cb3dc -> 
  custom:container-muxer-webm: aa71ff27fc2769a1b78a27578f13a17b -> 
  custom:container-demuxer-webm: 4f35f7cbe854078d1ac9338744f61a02 -> 
  custom:container-demuxer-ogg: 62fdf1f143b41e24485cea50d1cbac27 -> 
  custom:video-encoder-webm-vp8: eb34c28f22e8b96e1ab97ce403110664 -> 
  custom:video-decoder-webm-vp8: 9c59270c3fd7afecdb556c50c9e8de78 -> 
  custom:audio-decoder-ogg-vorbis: bf7c407c2cedff20999df2af8eb42d56 -> 
  custom:audio-encoder-webm-vorbis: bf7c407c2cedff20999df2af8eb42d56 -> 
========================================================================
Received Prepare
Registering precompiled user dll's ...
Registered in 0.006827 seconds.
Begin MonoManager ReloadAssembly
Native extension for WindowsStandalone target not found
Native extension for WebGL target not found
Refreshing native plugins compatible for Editor in 0.78 ms, found 3 plugins.
Preloading 0 native plugins for Editor in 0.00 ms.
Mono: successfully reloaded assembly
- Completed reload, in  2.256 seconds
Domain Reload Profiling:
	ReloadAssembly (2257ms)
		BeginReloadAssembly (188ms)
			ExecutionOrderSort (0ms)
			DisableScriptedObjects (11ms)
			BackupInstance (0ms)
			ReleaseScriptingObjects (0ms)
			CreateAndSetChildDomain (53ms)
		EndReloadAssembly (1943ms)
			LoadAssemblies (203ms)
			RebuildTransferFunctionScriptingTraits (0ms)
			SetupTypeCache (584ms)
			ReleaseScriptCaches (1ms)
			RebuildScriptCaches (102ms)
			SetupLoadedEditorAssemblies (797ms)
				LogAssemblyErrors (0ms)
				InitializePlatformSupportModulesInManaged (13ms)
				SetLoadedEditorAssemblies (1ms)
				RefreshPlugins (1ms)
				BeforeProcessingInitializeOnLoad (220ms)
				ProcessInitializeOnLoadAttributes (530ms)
				ProcessInitializeOnLoadMethodAttributes (14ms)
				AfterProcessingInitializeOnLoad (18ms)
				EditorAssembliesLoaded (0ms)
			ExecutionOrderSort2 (0ms)
			AwakeInstancesAfterBackupRestoration (23ms)
Platform modules already initialized, skipping
Refreshing native plugins compatible for Editor in 0.77 ms, found 3 plugins.
Preloading 0 native plugins for Editor in 0.00 ms.
Unloading 2082 Unused Serialized files (Serialized files now loaded: 0)
System memory in use before: 96.0 MB.
System memory in use after: 96.1 MB.

Unloading 16 unused Assets to reduce memory usage. Loaded Objects now: 2602.
Total: 5.202100 ms (FindLiveObjects: 0.233200 ms CreateObjectMapping: 0.092800 ms MarkObjects: 3.915200 ms  DeleteObjects: 0.958600 ms)

AssetImportParameters requested are different than current active one (requested -> active):
  custom:framework-win-MediaFoundation: 216162199b28c13a410421893ffa2e32 -> 
  custom:video-decoder-ogg-theora: a1e56fd34408186e4bbccfd4996cb3dc -> 
  custom:container-muxer-webm: aa71ff27fc2769a1b78a27578f13a17b -> 
  custom:container-demuxer-webm: 4f35f7cbe854078d1ac9338744f61a02 -> 
  custom:container-demuxer-ogg: 62fdf1f143b41e24485cea50d1cbac27 -> 
  custom:video-encoder-webm-vp8: eb34c28f22e8b96e1ab97ce403110664 -> 
  custom:video-decoder-webm-vp8: 9c59270c3fd7afecdb556c50c9e8de78 -> 
  custom:audio-decoder-ogg-vorbis: bf7c407c2cedff20999df2af8eb42d56 -> 
  custom:audio-encoder-webm-vorbis: bf7c407c2cedff20999df2af8eb42d56 -> 
========================================================================
Received Prepare
Registering precompiled user dll's ...
Registered in 0.009195 seconds.
Begin MonoManager ReloadAssembly
Native extension for WindowsStandalone target not found
Native extension for WebGL target not found
Refreshing native plugins compatible for Editor in 0.80 ms, found 3 plugins.
Preloading 0 native plugins for Editor in 0.00 ms.
Mono: successfully reloaded assembly
- Completed reload, in  1.871 seconds
Domain Reload Profiling:
	ReloadAssembly (1872ms)
		BeginReloadAssembly (173ms)
			ExecutionOrderSort (0ms)
			DisableScriptedObjects (10ms)
			BackupInstance (0ms)
			ReleaseScriptingObjects (0ms)
			CreateAndSetChildDomain (49ms)
		EndReloadAssembly (1579ms)
			LoadAssemblies (151ms)
			RebuildTransferFunctionScriptingTraits (0ms)
			SetupTypeCache (530ms)
			ReleaseScriptCaches (1ms)
			RebuildScriptCaches (70ms)
			SetupLoadedEditorAssemblies (623ms)
				LogAssemblyErrors (0ms)
				InitializePlatformSupportModulesInManaged (9ms)
				SetLoadedEditorAssemblies (1ms)
				RefreshPlugins (1ms)
				BeforeProcessingInitializeOnLoad (150ms)
				ProcessInitializeOnLoadAttributes (443ms)
				ProcessInitializeOnLoadMethodAttributes (8ms)
				AfterProcessingInitializeOnLoad (11ms)
				EditorAssembliesLoaded (0ms)
			ExecutionOrderSort2 (0ms)
			AwakeInstancesAfterBackupRestoration (16ms)
Platform modules already initialized, skipping
Refreshing native plugins compatible for Editor in 0.88 ms, found 3 plugins.
Preloading 0 native plugins for Editor in 0.00 ms.
Unloading 2082 Unused Serialized files (Serialized files now loaded: 0)
System memory in use before: 96.0 MB.
System memory in use after: 96.1 MB.

Unloading 16 unused Assets to reduce memory usage. Loaded Objects now: 2605.
Total: 4.731600 ms (FindLiveObjects: 0.277400 ms CreateObjectMapping: 0.095100 ms MarkObjects: 4.314500 ms  DeleteObjects: 0.041900 ms)

AssetImportParameters requested are different than current active one (requested -> active):
  custom:framework-win-MediaFoundation: 216162199b28c13a410421893ffa2e32 -> 
  custom:video-decoder-ogg-theora: a1e56fd34408186e4bbccfd4996cb3dc -> 
  custom:container-muxer-webm: aa71ff27fc2769a1b78a27578f13a17b -> 
  custom:container-demuxer-webm: 4f35f7cbe854078d1ac9338744f61a02 -> 
  custom:container-demuxer-ogg: 62fdf1f143b41e24485cea50d1cbac27 -> 
  custom:video-encoder-webm-vp8: eb34c28f22e8b96e1ab97ce403110664 -> 
  custom:video-decoder-webm-vp8: 9c59270c3fd7afecdb556c50c9e8de78 -> 
  custom:audio-decoder-ogg-vorbis: bf7c407c2cedff20999df2af8eb42d56 -> 
  custom:audio-encoder-webm-vorbis: bf7c407c2cedff20999df2af8eb42d56 -> 
========================================================================
Received Prepare
Registering precompiled user dll's ...
Registered in 0.006661 seconds.
Begin MonoManager ReloadAssembly
Native extension for WindowsStandalone target not found
Native extension for WebGL target not found
Refreshing native plugins compatible for Editor in 0.80 ms, found 3 plugins.
Preloading 0 native plugins for Editor in 0.00 ms.
Mono: successfully reloaded assembly
- Completed reload, in  1.886 seconds
Domain Reload Profiling:
	ReloadAssembly (1887ms)
		BeginReloadAssembly (174ms)
			ExecutionOrderSort (0ms)
			DisableScriptedObjects (10ms)
			BackupInstance (0ms)
			ReleaseScriptingObjects (0ms)
			CreateAndSetChildDomain (53ms)
		EndReloadAssembly (1602ms)
			LoadAssemblies (147ms)
			RebuildTransferFunctionScriptingTraits (0ms)
			SetupTypeCache (497ms)
			ReleaseScriptCaches (1ms)
			RebuildScriptCaches (119ms)
			SetupLoadedEditorAssemblies (645ms)
				LogAssemblyErrors (0ms)
				InitializePlatformSupportModulesInManaged (9ms)
				SetLoadedEditorAssemblies (1ms)
				RefreshPlugins (1ms)
				BeforeProcessingInitializeOnLoad (149ms)
				ProcessInitializeOnLoadAttributes (466ms)
				ProcessInitializeOnLoadMethodAttributes (8ms)
				AfterProcessingInitializeOnLoad (11ms)
				EditorAssembliesLoaded (0ms)
			ExecutionOrderSort2 (0ms)
			AwakeInstancesAfterBackupRestoration (17ms)
Platform modules already initialized, skipping
Refreshing native plugins compatible for Editor in 0.78 ms, found 3 plugins.
Preloading 0 native plugins for Editor in 0.00 ms.
Unloading 2082 Unused Serialized files (Serialized files now loaded: 0)
System memory in use before: 96.0 MB.
System memory in use after: 96.1 MB.

Unloading 16 unused Assets to reduce memory usage. Loaded Objects now: 2608.
Total: 7.344500 ms (FindLiveObjects: 0.457700 ms CreateObjectMapping: 0.138700 ms MarkObjects: 6.692900 ms  DeleteObjects: 0.052500 ms)

AssetImportParameters requested are different than current active one (requested -> active):
  custom:framework-win-MediaFoundation: 216162199b28c13a410421893ffa2e32 -> 
  custom:video-decoder-ogg-theora: a1e56fd34408186e4bbccfd4996cb3dc -> 
  custom:container-muxer-webm: aa71ff27fc2769a1b78a27578f13a17b -> 
  custom:container-demuxer-webm: 4f35f7cbe854078d1ac9338744f61a02 -> 
  custom:container-demuxer-ogg: 62fdf1f143b41e24485cea50d1cbac27 -> 
  custom:video-encoder-webm-vp8: eb34c28f22e8b96e1ab97ce403110664 -> 
  custom:video-decoder-webm-vp8: 9c59270c3fd7afecdb556c50c9e8de78 -> 
  custom:audio-decoder-ogg-vorbis: bf7c407c2cedff20999df2af8eb42d56 -> 
  custom:audio-encoder-webm-vorbis: bf7c407c2cedff20999df2af8eb42d56 -> 
========================================================================
Received Prepare
Registering precompiled user dll's ...
Registered in 0.009585 seconds.
Begin MonoManager ReloadAssembly
Native extension for WindowsStandalone target not found
Native extension for WebGL target not found
Refreshing native plugins compatible for Editor in 0.76 ms, found 3 plugins.
Preloading 0 native plugins for Editor in 0.00 ms.
Mono: successfully reloaded assembly
- Completed reload, in  1.888 seconds
Domain Reload Profiling:
	ReloadAssembly (1889ms)
		BeginReloadAssembly (197ms)
			ExecutionOrderSort (0ms)
			DisableScriptedObjects (13ms)
			BackupInstance (0ms)
			ReleaseScriptingObjects (0ms)
			CreateAndSetChildDomain (60ms)
		EndReloadAssembly (1582ms)
			LoadAssemblies (158ms)
			RebuildTransferFunctionScriptingTraits (0ms)
			SetupTypeCache (511ms)
			ReleaseScriptCaches (1ms)
			RebuildScriptCaches (72ms)
			SetupLoadedEditorAssemblies (653ms)
				LogAssemblyErrors (0ms)
				InitializePlatformSupportModulesInManaged (9ms)
				SetLoadedEditorAssemblies (1ms)
				RefreshPlugins (1ms)
				BeforeProcessingInitializeOnLoad (164ms)
				ProcessInitializeOnLoadAttributes (450ms)
				ProcessInitializeOnLoadMethodAttributes (9ms)
				AfterProcessingInitializeOnLoad (18ms)
				EditorAssembliesLoaded (0ms)
			ExecutionOrderSort2 (0ms)
			AwakeInstancesAfterBackupRestoration (26ms)
Platform modules already initialized, skipping
Refreshing native plugins compatible for Editor in 0.80 ms, found 3 plugins.
Preloading 0 native plugins for Editor in 0.00 ms.
Unloading 2082 Unused Serialized files (Serialized files now loaded: 0)
System memory in use before: 96.0 MB.
System memory in use after: 96.1 MB.

Unloading 16 unused Assets to reduce memory usage. Loaded Objects now: 2611.
Total: 6.586700 ms (FindLiveObjects: 0.248900 ms CreateObjectMapping: 0.095000 ms MarkObjects: 6.202500 ms  DeleteObjects: 0.037100 ms)

AssetImportParameters requested are different than current active one (requested -> active):
  custom:framework-win-MediaFoundation: 216162199b28c13a410421893ffa2e32 -> 
  custom:video-decoder-ogg-theora: a1e56fd34408186e4bbccfd4996cb3dc -> 
  custom:container-muxer-webm: aa71ff27fc2769a1b78a27578f13a17b -> 
  custom:container-demuxer-webm: 4f35f7cbe854078d1ac9338744f61a02 -> 
  custom:container-demuxer-ogg: 62fdf1f143b41e24485cea50d1cbac27 -> 
  custom:video-encoder-webm-vp8: eb34c28f22e8b96e1ab97ce403110664 -> 
  custom:video-decoder-webm-vp8: 9c59270c3fd7afecdb556c50c9e8de78 -> 
  custom:audio-decoder-ogg-vorbis: bf7c407c2cedff20999df2af8eb42d56 -> 
  custom:audio-encoder-webm-vorbis: bf7c407c2cedff20999df2af8eb42d56 -> 
========================================================================
Received Prepare
Registering precompiled user dll's ...
Registered in 0.009335 seconds.
Begin MonoManager ReloadAssembly
Native extension for WindowsStandalone target not found
Native extension for WebGL target not found
Refreshing native plugins compatible for Editor in 1.06 ms, found 3 plugins.
Preloading 0 native plugins for Editor in 0.00 ms.
Mono: successfully reloaded assembly
- Completed reload, in  1.941 seconds
Domain Reload Profiling:
	ReloadAssembly (1941ms)
		BeginReloadAssembly (195ms)
			ExecutionOrderSort (0ms)
			DisableScriptedObjects (10ms)
			BackupInstance (0ms)
			ReleaseScriptingObjects (0ms)
			CreateAndSetChildDomain (53ms)
		EndReloadAssembly (1644ms)
			LoadAssemblies (171ms)
			RebuildTransferFunctionScriptingTraits (0ms)
			SetupTypeCache (536ms)
			ReleaseScriptCaches (1ms)
			RebuildScriptCaches (91ms)
			SetupLoadedEditorAssemblies (644ms)
				LogAssemblyErrors (0ms)
				InitializePlatformSupportModulesInManaged (12ms)
				SetLoadedEditorAssemblies (1ms)
				RefreshPlugins (1ms)
				BeforeProcessingInitializeOnLoad (167ms)
				ProcessInitializeOnLoadAttributes (437ms)
				ProcessInitializeOnLoadMethodAttributes (8ms)
				AfterProcessingInitializeOnLoad (17ms)
				EditorAssembliesLoaded (0ms)
			ExecutionOrderSort2 (0ms)
			AwakeInstancesAfterBackupRestoration (17ms)
Platform modules already initialized, skipping
Refreshing native plugins compatible for Editor in 0.79 ms, found 3 plugins.
Preloading 0 native plugins for Editor in 0.00 ms.
Unloading 2082 Unused Serialized files (Serialized files now loaded: 0)
System memory in use before: 96.0 MB.
System memory in use after: 96.1 MB.

Unloading 16 unused Assets to reduce memory usage. Loaded Objects now: 2614.
Total: 5.229900 ms (FindLiveObjects: 0.464100 ms CreateObjectMapping: 0.153400 ms MarkObjects: 4.510900 ms  DeleteObjects: 0.099200 ms)

AssetImportParameters requested are different than current active one (requested -> active):
  custom:framework-win-MediaFoundation: 216162199b28c13a410421893ffa2e32 -> 
  custom:video-decoder-ogg-theora: a1e56fd34408186e4bbccfd4996cb3dc -> 
  custom:container-muxer-webm: aa71ff27fc2769a1b78a27578f13a17b -> 
  custom:container-demuxer-webm: 4f35f7cbe854078d1ac9338744f61a02 -> 
  custom:container-demuxer-ogg: 62fdf1f143b41e24485cea50d1cbac27 -> 
  custom:video-encoder-webm-vp8: eb34c28f22e8b96e1ab97ce403110664 -> 
  custom:video-decoder-webm-vp8: 9c59270c3fd7afecdb556c50c9e8de78 -> 
  custom:audio-decoder-ogg-vorbis: bf7c407c2cedff20999df2af8eb42d56 -> 
  custom:audio-encoder-webm-vorbis: bf7c407c2cedff20999df2af8eb42d56 -> 
========================================================================
Received Prepare
Registering precompiled user dll's ...
Registered in 0.007175 seconds.
Begin MonoManager ReloadAssembly
Native extension for WindowsStandalone target not found
Native extension for WebGL target not found
Refreshing native plugins compatible for Editor in 0.75 ms, found 3 plugins.
Preloading 0 native plugins for Editor in 0.00 ms.
Mono: successfully reloaded assembly
- Completed reload, in  1.675 seconds
Domain Reload Profiling:
	ReloadAssembly (1676ms)
		BeginReloadAssembly (156ms)
			ExecutionOrderSort (0ms)
			DisableScriptedObjects (10ms)
			BackupInstance (0ms)
			ReleaseScriptingObjects (0ms)
			CreateAndSetChildDomain (47ms)
		EndReloadAssembly (1418ms)
			LoadAssemblies (146ms)
			RebuildTransferFunctionScriptingTraits (0ms)
			SetupTypeCache (423ms)
			ReleaseScriptCaches (1ms)
			RebuildScriptCaches (85ms)
			SetupLoadedEditorAssemblies (603ms)
				LogAssemblyErrors (0ms)
				InitializePlatformSupportModulesInManaged (9ms)
				SetLoadedEditorAssemblies (1ms)
				RefreshPlugins (1ms)
				BeforeProcessingInitializeOnLoad (145ms)
				ProcessInitializeOnLoadAttributes (428ms)
				ProcessInitializeOnLoadMethodAttributes (8ms)
				AfterProcessingInitializeOnLoad (12ms)
				EditorAssembliesLoaded (0ms)
			ExecutionOrderSort2 (0ms)
			AwakeInstancesAfterBackupRestoration (17ms)
Platform modules already initialized, skipping
Refreshing native plugins compatible for Editor in 0.74 ms, found 3 plugins.
Preloading 0 native plugins for Editor in 0.00 ms.
Unloading 2082 Unused Serialized files (Serialized files now loaded: 0)
System memory in use before: 96.0 MB.
System memory in use after: 96.1 MB.

Unloading 16 unused Assets to reduce memory usage. Loaded Objects now: 2617.
Total: 5.223400 ms (FindLiveObjects: 0.235200 ms CreateObjectMapping: 0.092800 ms MarkObjects: 3.992500 ms  DeleteObjects: 0.900900 ms)

AssetImportParameters requested are different than current active one (requested -> active):
  custom:framework-win-MediaFoundation: 216162199b28c13a410421893ffa2e32 -> 
  custom:video-decoder-ogg-theora: a1e56fd34408186e4bbccfd4996cb3dc -> 
  custom:container-muxer-webm: aa71ff27fc2769a1b78a27578f13a17b -> 
  custom:container-demuxer-webm: 4f35f7cbe854078d1ac9338744f61a02 -> 
  custom:container-demuxer-ogg: 62fdf1f143b41e24485cea50d1cbac27 -> 
  custom:video-encoder-webm-vp8: eb34c28f22e8b96e1ab97ce403110664 -> 
  custom:video-decoder-webm-vp8: 9c59270c3fd7afecdb556c50c9e8de78 -> 
  custom:audio-decoder-ogg-vorbis: bf7c407c2cedff20999df2af8eb42d56 -> 
  custom:audio-encoder-webm-vorbis: bf7c407c2cedff20999df2af8eb42d56 -> 
AssetImportWorkerClient::OnTransportError - code=2 error=End of file
